# JRE version: Java(TM) SE Runtime Environment (8.0_77-b03) (build 1.8.0_77-b03)
# Java VM: Java HotSpot(TM) 64-Bit Server VM (25.77-b03 mixed mode windows-amd64 compressed oops)
Heap:
 PSYoungGen      total 608256K, used 214057K [0x000000076b980000, 0x0000000793b00000, 0x00000007c0000000)
  eden space 559616K, 38% used [0x000000076b980000,0x0000000778a8a7d0,0x000000078dc00000)
  from space 48640K, 0% used [0x0000000790b80000,0x0000000790b80000,0x0000000793b00000)
  to   space 48640K, 0% used [0x000000078dc00000,0x000000078dc00000,0x0000000790b80000)
 ParOldGen       total 188928K, used 50469K [0x00000006c2c00000, 0x00000006ce480000, 0x000000076b980000)
  object space 188928K, 26% used [0x00000006c2c00000,0x00000006c5d496f0,0x00000006ce480000)
 Metaspace       used 70099K, capacity 71674K, committed 71936K, reserved 1112064K
  class space    used 8087K, capacity 8433K, committed 8448K, reserved 1048576K
GC Heap History (10 events):
Event: 14.785 GC heap before
{Heap before GC invocations=9 (full 1):
 PSYoungGen      total 252928K, used 252906K [0x000000076b980000, 0x0000000788980000, 0x00000007c0000000)
  eden space 227840K, 100% used [0x000000076b980000,0x0000000779800000,0x0000000779800000)
  from space 25088K, 99% used [0x0000000779800000,0x000000077b07a910,0x000000077b080000)
  to   space 38400K, 0% used [0x0000000786400000,0x0000000786400000,0x0000000788980000)
 ParOldGen       total 88064K, used 46963K [0x00000006c2c00000, 0x00000006c8200000, 0x000000076b980000)
  object space 88064K, 53% used [0x00000006c2c00000,0x00000006c59dcec8,0x00000006c8200000)
 Metaspace       used 31088K, capacity 31766K, committed 31872K, reserved 1077248K
  class space    used 3483K, capacity 3658K, committed 3712K, reserved 1048576K
Event: 14.830 GC heap after
Heap after GC invocations=9 (full 1):
 PSYoungGen      total 424448K, used 38392K [0x000000076b980000, 0x000000078a480000, 0x00000007c0000000)
  eden space 386048K, 0% used [0x000000076b980000,0x000000076b980000,0x0000000783280000)
  from space 38400K, 99% used [0x0000000786400000,0x000000078897e248,0x0000000788980000)
  to   space 50688K, 0% used [0x0000000783280000,0x0000000783280000,0x0000000786400000)
 ParOldGen       total 88064K, used 60735K [0x00000006c2c00000, 0x00000006c8200000, 0x000000076b980000)
  object space 88064K, 68% used [0x00000006c2c00000,0x00000006c674ff00,0x00000006c8200000)
 Metaspace       used 31088K, capacity 31766K, committed 31872K, reserved 1077248K
  class space    used 3483K, capacity 3658K, committed 3712K, reserved 1048576K
}
Event: 15.629 GC heap before
{Heap before GC invocations=10 (full 1):
 PSYoungGen      total 424448K, used 125236K [0x000000076b980000, 0x000000078a480000, 0x00000007c0000000)
  eden space 386048K, 22% used [0x000000076b980000,0x0000000770e4ee78,0x0000000783280000)
  from space 38400K, 99% used [0x0000000786400000,0x000000078897e248,0x0000000788980000)
  to   space 50688K, 0% used [0x0000000783280000,0x0000000783280000,0x0000000786400000)
 ParOldGen       total 88064K, used 60735K [0x00000006c2c00000, 0x00000006c8200000, 0x000000076b980000)
  object space 88064K, 68% used [0x00000006c2c00000,0x00000006c674ff00,0x00000006c8200000)
 Metaspace       used 34559K, capacity 35208K, committed 35456K, reserved 1081344K
  class space    used 3940K, capacity 4117K, committed 4224K, reserved 1048576K
Event: 15.657 GC heap after
Heap after GC invocations=10 (full 1):
 PSYoungGen      total 436736K, used 13992K [0x000000076b980000, 0x0000000793b80000, 0x00000007c0000000)
  eden space 386048K, 0% used [0x000000076b980000,0x000000076b980000,0x0000000783280000)
  from space 50688K, 27% used [0x0000000783280000,0x000000078402a1b0,0x0000000786400000)
  to   space 49152K, 0% used [0x0000000790b80000,0x0000000790b80000,0x0000000793b80000)
 ParOldGen       total 88064K, used 77147K [0x00000006c2c00000, 0x00000006c8200000, 0x000000076b980000)
  object space 88064K, 87% used [0x00000006c2c00000,0x00000006c7756c38,0x00000006c8200000)
 Metaspace       used 34559K, capacity 35208K, committed 35456K, reserved 1081344K
  class space    used 3940K, capacity 4117K, committed 4224K, reserved 1048576K
}
Event: 15.657 GC heap before
{Heap before GC invocations=11 (full 2):
 PSYoungGen      total 436736K, used 13992K [0x000000076b980000, 0x0000000793b80000, 0x00000007c0000000)
  eden space 386048K, 0% used [0x000000076b980000,0x000000076b980000,0x0000000783280000)
  from space 50688K, 27% used [0x0000000783280000,0x000000078402a1b0,0x0000000786400000)
  to   space 49152K, 0% used [0x0000000790b80000,0x0000000790b80000,0x0000000793b80000)
 ParOldGen       total 88064K, used 77147K [0x00000006c2c00000, 0x00000006c8200000, 0x000000076b980000)
  object space 88064K, 87% used [0x00000006c2c00000,0x00000006c7756c38,0x00000006c8200000)
 Metaspace       used 34559K, capacity 35208K, committed 35456K, reserved 1081344K
  class space    used 3940K, capacity 4117K, committed 4224K, reserved 1048576K
Event: 15.749 GC heap after
Heap after GC invocations=11 (full 2):
 PSYoungGen      total 436736K, used 0K [0x000000076b980000, 0x0000000793b80000, 0x00000007c0000000)
  eden space 386048K, 0% used [0x000000076b980000,0x000000076b980000,0x0000000783280000)
  from space 50688K, 0% used [0x0000000783280000,0x0000000783280000,0x0000000786400000)
  to   space 49152K, 0% used [0x0000000790b80000,0x0000000790b80000,0x0000000793b80000)
 ParOldGen       total 151040K, used 35341K [0x00000006c2c00000, 0x00000006cbf80000, 0x000000076b980000)
  object space 151040K, 23% used [0x00000006c2c00000,0x00000006c4e83630,0x00000006cbf80000)
 Metaspace       used 34544K, capacity 35190K, committed 35456K, reserved 1081344K
  class space    used 3939K, capacity 4115K, committed 4224K, reserved 1048576K
}
Event: 21.395 GC heap before
{Heap before GC invocations=12 (full 2):
 PSYoungGen      total 436736K, used 291541K [0x000000076b980000, 0x0000000793b80000, 0x00000007c0000000)
  eden space 386048K, 75% used [0x000000076b980000,0x000000077d635410,0x0000000783280000)
  from space 50688K, 0% used [0x0000000783280000,0x0000000783280000,0x0000000786400000)
  to   space 49152K, 0% used [0x0000000790b80000,0x0000000790b80000,0x0000000793b80000)
 ParOldGen       total 151040K, used 35341K [0x00000006c2c00000, 0x00000006cbf80000, 0x000000076b980000)
  object space 151040K, 23% used [0x00000006c2c00000,0x00000006c4e83630,0x00000006cbf80000)
 Metaspace       used 57866K, capacity 58756K, committed 59096K, reserved 1101824K
  class space    used 6806K, capacity 7034K, committed 7040K, reserved 1048576K
Event: 21.428 GC heap after
Heap after GC invocations=12 (full 2):
 PSYoungGen      total 608256K, used 28191K [0x000000076b980000, 0x0000000793b00000, 0x00000007c0000000)
  eden space 559616K, 0% used [0x000000076b980000,0x000000076b980000,0x000000078dc00000)
  from space 48640K, 57% used [0x0000000790b80000,0x0000000792707d28,0x0000000793b00000)
  to   space 48640K, 0% used [0x000000078dc00000,0x000000078dc00000,0x0000000790b80000)
 ParOldGen       total 151040K, used 35357K [0x00000006c2c00000, 0x00000006cbf80000, 0x000000076b980000)
  object space 151040K, 23% used [0x00000006c2c00000,0x00000006c4e87630,0x00000006cbf80000)
 Metaspace       used 57866K, capacity 58756K, committed 59096K, reserved 1101824K
  class space    used 6806K, capacity 7034K, committed 7040K, reserved 1048576K
}
Event: 21.428 GC heap before
{Heap before GC invocations=13 (full 3):
 PSYoungGen      total 608256K, used 28191K [0x000000076b980000, 0x0000000793b00000, 0x00000007c0000000)
  eden space 559616K, 0% used [0x000000076b980000,0x000000076b980000,0x000000078dc00000)
  from space 48640K, 57% used [0x0000000790b80000,0x0000000792707d28,0x0000000793b00000)
  to   space 48640K, 0% used [0x000000078dc00000,0x000000078dc00000,0x0000000790b80000)
 ParOldGen       total 151040K, used 35357K [0x00000006c2c00000, 0x00000006cbf80000, 0x000000076b980000)
  object space 151040K, 23% used [0x00000006c2c00000,0x00000006c4e87630,0x00000006cbf80000)
 Metaspace       used 57866K, capacity 58756K, committed 59096K, reserved 1101824K
  class space    used 6806K, capacity 7034K, committed 7040K, reserved 1048576K
Event: 21.712 GC heap after
Heap after GC invocations=13 (full 3):
 PSYoungGen      total 608256K, used 0K [0x000000076b980000, 0x0000000793b00000, 0x00000007c0000000)
  eden space 559616K, 0% used [0x000000076b980000,0x000000076b980000,0x000000078dc00000)
  from space 48640K, 0% used [0x0000000790b80000,0x0000000790b80000,0x0000000793b00000)
  to   space 48640K, 0% used [0x000000078dc00000,0x000000078dc00000,0x0000000790b80000)
 ParOldGen       total 188928K, used 50469K [0x00000006c2c00000, 0x00000006ce480000, 0x000000076b980000)
  object space 188928K, 26% used [0x00000006c2c00000,0x00000006c5d496f0,0x00000006ce480000)
 Metaspace       used 57809K, capacity 58666K, committed 59096K, reserved 1101824K
  class space    used 6798K, capacity 7019K, committed 7040K, reserved 1048576K
}

